[debug] [2019-07-16T05:34:30.220Z] ----------------------------------------------------------------------
[debug] [2019-07-16T05:34:30.222Z] Command:       C:\Program Files\nodejs\node.exe C:\Users\akulasiak\AppData\Roaming\npm\node_modules\firebase-tools\lib\bin\firebase.js init
[debug] [2019-07-16T05:34:30.223Z] CLI Version:   7.1.0
[debug] [2019-07-16T05:34:30.223Z] Platform:      win32
[debug] [2019-07-16T05:34:30.223Z] Node Version:  v10.15.3
[debug] [2019-07-16T05:34:30.226Z] Time:          Tue Jul 16 2019 07:34:30 GMT+0200 (GMT+02:00)
[debug] [2019-07-16T05:34:30.226Z] ----------------------------------------------------------------------
[debug] 
[debug] [2019-07-16T05:34:30.240Z] > command requires scopes: ["email","openid","https://www.googleapis.com/auth/cloudplatformprojects.readonly","https://www.googleapis.com/auth/firebase","https://www.googleapis.com/auth/cloud-platform"]
[debug] [2019-07-16T05:34:30.240Z] > authorizing via signed-in user
[info] 
     ######## #### ########  ######## ########     ###     ######  ########
     ##        ##  ##     ## ##       ##     ##  ##   ##  ##       ##
     ######    ##  ########  ######   ########  #########  ######  ######
     ##        ##  ##    ##  ##       ##     ## ##     ##       ## ##
     ##       #### ##     ## ######## ########  ##     ##  ######  ########

You're about to initialize a Firebase project in this directory:

  C:\www\todoListAngular

Before we get started, keep in mind:

  * You are currently outside your home directory

